{
    "/Users/batman/programming/web/webpack/.storybook/addons.js": {
        "path": "/Users/batman/programming/web/webpack/.storybook/addons.js",
        "statementMap": {},
        "fnMap": {},
        "branchMap": {},
        "s": {},
        "f": {},
        "b": {},
        "_coverageSchema": "43e27e138ebf9cfc5966b082cf9a028302ed4184",
        "hash": "a0996b2f340e922ad2714c989c24063586f0f15b"
    },
    "/Users/batman/programming/web/webpack/.storybook/config.js": {
        "path": "/Users/batman/programming/web/webpack/.storybook/config.js",
        "statementMap": {
            "0": {
                "start": { "line": 5, "column": 0 },
                "end": { "line": 7, "column": 2 }
            },
            "1": {
                "start": { "line": 10, "column": 12 },
                "end": { "line": 10, "column": 61 }
            },
            "2": {
                "start": { "line": 12, "column": 4 },
                "end": { "line": 12, "column": 49 }
            },
            "3": {
                "start": { "line": 12, "column": 35 },
                "end": { "line": 12, "column": 48 }
            },
            "4": {
                "start": { "line": 15, "column": 0 },
                "end": { "line": 15, "column": 30 }
            }
        },
        "fnMap": {
            "0": {
                "name": "loadStories",
                "decl": {
                    "start": { "line": 11, "column": 9 },
                    "end": { "line": 11, "column": 20 }
                },
                "loc": {
                    "start": { "line": 11, "column": 23 },
                    "end": { "line": 13, "column": 1 }
                },
                "line": 11
            },
            "1": {
                "name": "(anonymous_1)",
                "decl": {
                    "start": { "line": 12, "column": 23 },
                    "end": { "line": 12, "column": 24 }
                },
                "loc": {
                    "start": { "line": 12, "column": 35 },
                    "end": { "line": 12, "column": 48 }
                },
                "line": 12
            }
        },
        "branchMap": {},
        "s": { "0": 1, "1": 1, "2": 1, "3": 1, "4": 1 },
        "f": { "0": 1, "1": 1 },
        "b": {},
        "_coverageSchema": "43e27e138ebf9cfc5966b082cf9a028302ed4184",
        "hash": "d6a9ec46b6a20c6ad6367d7358b77d0f12fd842a"
    },
    "/Users/batman/programming/web/webpack/src/App.stories.js": {
        "path": "/Users/batman/programming/web/webpack/src/App.stories.js",
        "statementMap": {
            "0": {
                "start": { "line": 8, "column": 0 },
                "end": { "line": 10, "column": 2 }
            },
            "1": {
                "start": { "line": 9, "column": 4 },
                "end": { "line": 9, "column": 42 }
            },
            "2": {
                "start": { "line": 12, "column": 0 },
                "end": { "line": 22, "column": 6 }
            },
            "3": {
                "start": { "line": 14, "column": 8 },
                "end": { "line": 14, "column": 65 }
            },
            "4": {
                "start": { "line": 17, "column": 8 },
                "end": { "line": 21, "column": 17 }
            }
        },
        "fnMap": {
            "0": {
                "name": "(anonymous_0)",
                "decl": {
                    "start": { "line": 8, "column": 49 },
                    "end": { "line": 8, "column": 50 }
                },
                "loc": {
                    "start": { "line": 9, "column": 4 },
                    "end": { "line": 9, "column": 42 }
                },
                "line": 9
            },
            "1": {
                "name": "(anonymous_1)",
                "decl": {
                    "start": { "line": 13, "column": 22 },
                    "end": { "line": 13, "column": 23 }
                },
                "loc": {
                    "start": { "line": 14, "column": 8 },
                    "end": { "line": 14, "column": 65 }
                },
                "line": 14
            },
            "2": {
                "name": "(anonymous_2)",
                "decl": {
                    "start": { "line": 16, "column": 28 },
                    "end": { "line": 16, "column": 29 }
                },
                "loc": {
                    "start": { "line": 17, "column": 8 },
                    "end": { "line": 21, "column": 17 }
                },
                "line": 17
            }
        },
        "branchMap": {},
        "s": { "0": 1, "1": 1, "2": 1, "3": 1, "4": 1 },
        "f": { "0": 1, "1": 1, "2": 1 },
        "b": {},
        "_coverageSchema": "43e27e138ebf9cfc5966b082cf9a028302ed4184",
        "hash": "e1736823dd33a9e9c41af930d855ebecd1d06f59"
    }
}
