TN:
SF:/Users/batman/programming/web/webpack/.storybook/addons.js
FNF:0
FNH:0
LF:0
LH:0
BRF:0
BRH:0
end_of_record
TN:
SF:/Users/batman/programming/web/webpack/.storybook/config.js
FN:11,loadStories
FN:12,(anonymous_1)
FNF:2
FNH:2
FNDA:1,loadStories
FNDA:1,(anonymous_1)
DA:5,1
DA:10,1
DA:12,1
DA:15,1
LF:4
LH:4
BRF:0
BRH:0
end_of_record
TN:
SF:/Users/batman/programming/web/webpack/src/App.stories.js
FN:8,(anonymous_0)
FN:13,(anonymous_1)
FN:16,(anonymous_2)
FNF:3
FNH:3
FNDA:1,(anonymous_0)
FNDA:1,(anonymous_1)
FNDA:1,(anonymous_2)
DA:8,1
DA:9,1
DA:12,1
DA:14,1
DA:17,1
LF:5
LH:5
BRF:0
BRH:0
end_of_record
